# JRE version: Java(TM) SE Runtime Environment (8.0_361) (build 1.8.0_361-b09)
# Java VM: Java HotSpot(TM) 64-Bit Server VM (25.361-b09 mixed mode bsd-amd64 compressed oops)
Heap:
 PSYoungGen      total 877056K, used 706165K [0x000000066ab00000, 0x00000006a2100000, 0x00000007c0000000)
  eden space 858624K, 80% used [0x000000066ab00000,0x00000006951d7f68,0x000000069f180000)
  from space 18432K, 59% used [0x00000006a0380000,0x00000006a0e45568,0x00000006a1580000)
  to   space 18432K, 0% used [0x000000069f180000,0x000000069f180000,0x00000006a0380000)
 ParOldGen       total 122368K, used 27760K [0x00000003c0000000, 0x00000003c7780000, 0x000000066ab00000)
  object space 122368K, 22% used [0x00000003c0000000,0x00000003c1b1c240,0x00000003c7780000)
 Metaspace       used 93273K, capacity 101416K, committed 101528K, reserved 1138688K
  class space    used 12366K, capacity 13144K, committed 13232K, reserved 1048576K
GC Heap History (10 events):
Event: 40.368 GC heap before
{Heap before GC invocations=16 (full 3):
 PSYoungGen      total 521728K, used 521710K [0x000000066ab00000, 0x000000068db80000, 0x00000007c0000000)
  eden space 506880K, 100% used [0x000000066ab00000,0x0000000689a00000,0x0000000689a00000)
  from space 14848K, 99% used [0x000000068ae00000,0x000000068bc7b8c0,0x000000068bc80000)
  to   space 20480K, 0% used [0x0000000689a00000,0x0000000689a00000,0x000000068ae00000)
 ParOldGen       total 95232K, used 32695K [0x00000003c0000000, 0x00000003c5d00000, 0x000000066ab00000)
  object space 95232K, 34% used [0x00000003c0000000,0x00000003c1fede38,0x00000003c5d00000)
 Metaspace       used 77674K, capacity 82230K, committed 82328K, reserved 1122304K
  class space    used 9980K, capacity 10390K, committed 10416K, reserved 1048576K
Event: 40.448 GC heap after
Heap after GC invocations=16 (full 3):
 PSYoungGen      total 527360K, used 10057K [0x000000066ab00000, 0x0000000697100000, 0x00000007c0000000)
  eden space 506880K, 0% used [0x000000066ab00000,0x000000066ab00000,0x0000000689a00000)
  from space 20480K, 49% used [0x0000000689a00000,0x000000068a3d25f0,0x000000068ae00000)
  to   space 19456K, 0% used [0x0000000695e00000,0x0000000695e00000,0x0000000697100000)
 ParOldGen       total 95232K, used 39125K [0x00000003c0000000, 0x00000003c5d00000, 0x000000066ab00000)
  object space 95232K, 41% used [0x00000003c0000000,0x00000003c2635670,0x00000003c5d00000)
 Metaspace       used 77674K, capacity 82230K, committed 82328K, reserved 1122304K
  class space    used 9980K, capacity 10390K, committed 10416K, reserved 1048576K
}
Event: 47.780 GC heap before
{Heap before GC invocations=17 (full 3):
 PSYoungGen      total 527360K, used 516937K [0x000000066ab00000, 0x0000000697100000, 0x00000007c0000000)
  eden space 506880K, 100% used [0x000000066ab00000,0x0000000689a00000,0x0000000689a00000)
  from space 20480K, 49% used [0x0000000689a00000,0x000000068a3d25f0,0x000000068ae00000)
  to   space 19456K, 0% used [0x0000000695e00000,0x0000000695e00000,0x0000000697100000)
 ParOldGen       total 95232K, used 39125K [0x00000003c0000000, 0x00000003c5d00000, 0x000000066ab00000)
  object space 95232K, 41% used [0x00000003c0000000,0x00000003c2635670,0x00000003c5d00000)
 Metaspace       used 87823K, capacity 93918K, committed 94104K, reserved 1130496K
  class space    used 11576K, capacity 12108K, committed 12208K, reserved 1048576K
Event: 47.790 GC heap after
Heap after GC invocations=17 (full 3):
 PSYoungGen      total 678912K, used 9688K [0x000000066ab00000, 0x0000000696780000, 0x00000007c0000000)
  eden space 669184K, 0% used [0x000000066ab00000,0x000000066ab00000,0x0000000693880000)
  from space 9728K, 99% used [0x0000000695e00000,0x00000006967760c0,0x0000000696780000)
  to   space 18432K, 0% used [0x0000000694380000,0x0000000694380000,0x0000000695580000)
 ParOldGen       total 95232K, used 39453K [0x00000003c0000000, 0x00000003c5d00000, 0x000000066ab00000)
  object space 95232K, 41% used [0x00000003c0000000,0x00000003c2687698,0x00000003c5d00000)
 Metaspace       used 87823K, capacity 93918K, committed 94104K, reserved 1130496K
  class space    used 11576K, capacity 12108K, committed 12208K, reserved 1048576K
}
Event: 53.414 GC heap before
{Heap before GC invocations=18 (full 3):
 PSYoungGen      total 678912K, used 261589K [0x000000066ab00000, 0x0000000696780000, 0x00000007c0000000)
  eden space 669184K, 37% used [0x000000066ab00000,0x000000067a0ff720,0x0000000693880000)
  from space 9728K, 99% used [0x0000000695e00000,0x00000006967760c0,0x0000000696780000)
  to   space 18432K, 0% used [0x0000000694380000,0x0000000694380000,0x0000000695580000)
 ParOldGen       total 95232K, used 39453K [0x00000003c0000000, 0x00000003c5d00000, 0x000000066ab00000)
  object space 95232K, 41% used [0x00000003c0000000,0x00000003c2687698,0x00000003c5d00000)
 Metaspace       used 90834K, capacity 98594K, committed 98600K, reserved 1134592K
  class space    used 12073K, capacity 12843K, committed 12848K, reserved 1048576K
Event: 53.422 GC heap after
Heap after GC invocations=18 (full 3):
 PSYoungGen      total 698880K, used 4273K [0x000000066ab00000, 0x00000006a1580000, 0x00000007c0000000)
  eden space 680448K, 0% used [0x000000066ab00000,0x000000066ab00000,0x0000000694380000)
  from space 18432K, 23% used [0x0000000694380000,0x00000006947ac5f8,0x0000000695580000)
  to   space 18432K, 0% used [0x00000006a0380000,0x00000006a0380000,0x00000006a1580000)
 ParOldGen       total 95232K, used 42215K [0x00000003c0000000, 0x00000003c5d00000, 0x000000066ab00000)
  object space 95232K, 44% used [0x00000003c0000000,0x00000003c2939c38,0x00000003c5d00000)
 Metaspace       used 90834K, capacity 98594K, committed 98600K, reserved 1134592K
  class space    used 12073K, capacity 12843K, committed 12848K, reserved 1048576K
}
Event: 53.422 GC heap before
{Heap before GC invocations=19 (full 4):
 PSYoungGen      total 698880K, used 4273K [0x000000066ab00000, 0x00000006a1580000, 0x00000007c0000000)
  eden space 680448K, 0% used [0x000000066ab00000,0x000000066ab00000,0x0000000694380000)
  from space 18432K, 23% used [0x0000000694380000,0x00000006947ac5f8,0x0000000695580000)
  to   space 18432K, 0% used [0x00000006a0380000,0x00000006a0380000,0x00000006a1580000)
 ParOldGen       total 95232K, used 42215K [0x00000003c0000000, 0x00000003c5d00000, 0x000000066ab00000)
  object space 95232K, 44% used [0x00000003c0000000,0x00000003c2939c38,0x00000003c5d00000)
 Metaspace       used 90834K, capacity 98594K, committed 98600K, reserved 1134592K
  class space    used 12073K, capacity 12843K, committed 12848K, reserved 1048576K
Event: 53.546 GC heap after
Heap after GC invocations=19 (full 4):
 PSYoungGen      total 698880K, used 0K [0x000000066ab00000, 0x00000006a1580000, 0x00000007c0000000)
  eden space 680448K, 0% used [0x000000066ab00000,0x000000066ab00000,0x0000000694380000)
  from space 18432K, 0% used [0x0000000694380000,0x0000000694380000,0x0000000695580000)
  to   space 18432K, 0% used [0x00000006a0380000,0x00000006a0380000,0x00000006a1580000)
 ParOldGen       total 122368K, used 27760K [0x00000003c0000000, 0x00000003c7780000, 0x000000066ab00000)
  object space 122368K, 22% used [0x00000003c0000000,0x00000003c1b1c240,0x00000003c7780000)
 Metaspace       used 90834K, capacity 98594K, committed 98600K, reserved 1134592K
  class space    used 12073K, capacity 12843K, committed 12848K, reserved 1048576K
}
Event: 68.339 GC heap before
{Heap before GC invocations=20 (full 4):
 PSYoungGen      total 698880K, used 680448K [0x000000066ab00000, 0x00000006a1580000, 0x00000007c0000000)
  eden space 680448K, 100% used [0x000000066ab00000,0x0000000694380000,0x0000000694380000)
  from space 18432K, 0% used [0x0000000694380000,0x0000000694380000,0x0000000695580000)
  to   space 18432K, 0% used [0x00000006a0380000,0x00000006a0380000,0x00000006a1580000)
 ParOldGen       total 122368K, used 27760K [0x00000003c0000000, 0x00000003c7780000, 0x000000066ab00000)
  object space 122368K, 22% used [0x00000003c0000000,0x00000003c1b1c240,0x00000003c7780000)
 Metaspace       used 92205K, capacity 100382K, committed 100760K, reserved 1136640K
  class space    used 12296K, capacity 13105K, committed 13232K, reserved 1048576K
Event: 68.378 GC heap after
Heap after GC invocations=20 (full 4):
 PSYoungGen      total 877056K, used 11029K [0x000000066ab00000, 0x00000006a2100000, 0x00000007c0000000)
  eden space 858624K, 0% used [0x000000066ab00000,0x000000066ab00000,0x000000069f180000)
  from space 18432K, 59% used [0x00000006a0380000,0x00000006a0e45568,0x00000006a1580000)
  to   space 18432K, 0% used [0x000000069f180000,0x000000069f180000,0x00000006a0380000)
 ParOldGen       total 122368K, used 27760K [0x00000003c0000000, 0x00000003c7780000, 0x000000066ab00000)
  object space 122368K, 22% used [0x00000003c0000000,0x00000003c1b1c240,0x00000003c7780000)
 Metaspace       used 92205K, capacity 100382K, committed 100760K, reserved 1136640K
  class space    used 12296K, capacity 13105K, committed 13232K, reserved 1048576K
}

