# JRE version: Java(TM) SE Runtime Environment (8.0_361) (build 1.8.0_361-b09)
# Java VM: Java HotSpot(TM) 64-Bit Server VM (25.361-b09 mixed mode bsd-amd64 compressed oops)
Heap:
 PSYoungGen      total 690176K, used 170457K [0x000000066ab00000, 0x0000000696800000, 0x00000007c0000000)
  eden space 681984K, 24% used [0x000000066ab00000,0x0000000674ed6eb8,0x0000000694500000)
  from space 8192K, 32% used [0x0000000696000000,0x000000069629f620,0x0000000696800000)
  to   space 17920K, 0% used [0x0000000694500000,0x0000000694500000,0x0000000695680000)
 ParOldGen       total 117760K, used 34000K [0x00000003c0000000, 0x00000003c7300000, 0x000000066ab00000)
  object space 117760K, 28% used [0x00000003c0000000,0x00000003c21342d8,0x00000003c7300000)
 Metaspace       used 93351K, capacity 101670K, committed 101760K, reserved 1138688K
  class space    used 12344K, capacity 13176K, committed 13184K, reserved 1048576K
GC Heap History (10 events):
Event: 429.608 GC heap before
{Heap before GC invocations=38 (full 3):
 PSYoungGen      total 556544K, used 545600K [0x000000066ab00000, 0x000000068e080000, 0x00000007c0000000)
  eden space 545280K, 100% used [0x000000066ab00000,0x000000068bf80000,0x000000068bf80000)
  from space 11264K, 2% used [0x000000068d580000,0x000000068d5d0000,0x000000068e080000)
  to   space 16896K, 0% used [0x000000068bf80000,0x000000068bf80000,0x000000068d000000)
 ParOldGen       total 96256K, used 31479K [0x00000003c0000000, 0x00000003c5e00000, 0x000000066ab00000)
  object space 96256K, 32% used [0x00000003c0000000,0x00000003c1ebde50,0x00000003c5e00000)
 Metaspace       used 77751K, capacity 82291K, committed 82560K, reserved 1122304K
  class space    used 9900K, capacity 10326K, committed 10368K, reserved 1048576K
Event: 429.970 GC heap after
Heap after GC invocations=38 (full 3):
 PSYoungGen      total 562176K, used 784K [0x000000066ab00000, 0x0000000691e00000, 0x00000007c0000000)
  eden space 545280K, 0% used [0x000000066ab00000,0x000000066ab00000,0x000000068bf80000)
  from space 16896K, 4% used [0x000000068bf80000,0x000000068c044020,0x000000068d000000)
  to   space 16896K, 0% used [0x0000000690d80000,0x0000000690d80000,0x0000000691e00000)
 ParOldGen       total 96256K, used 31607K [0x00000003c0000000, 0x00000003c5e00000, 0x000000066ab00000)
  object space 96256K, 32% used [0x00000003c0000000,0x00000003c1edde80,0x00000003c5e00000)
 Metaspace       used 77751K, capacity 82291K, committed 82560K, reserved 1122304K
  class space    used 9900K, capacity 10326K, committed 10368K, reserved 1048576K
}
Event: 482.252 GC heap before
{Heap before GC invocations=39 (full 3):
 PSYoungGen      total 562176K, used 504276K [0x000000066ab00000, 0x0000000691e00000, 0x00000007c0000000)
  eden space 545280K, 92% used [0x000000066ab00000,0x00000006896b1278,0x000000068bf80000)
  from space 16896K, 4% used [0x000000068bf80000,0x000000068c044020,0x000000068d000000)
  to   space 16896K, 0% used [0x0000000690d80000,0x0000000690d80000,0x0000000691e00000)
 ParOldGen       total 96256K, used 31607K [0x00000003c0000000, 0x00000003c5e00000, 0x000000066ab00000)
  object space 96256K, 32% used [0x00000003c0000000,0x00000003c1edde80,0x00000003c5e00000)
 Metaspace       used 90671K, capacity 98264K, committed 98348K, reserved 1134592K
  class space    used 11957K, capacity 12716K, committed 12800K, reserved 1048576K
Event: 483.061 GC heap after
Heap after GC invocations=39 (full 3):
 PSYoungGen      total 623104K, used 13834K [0x000000066ab00000, 0x0000000692780000, 0x00000007c0000000)
  eden space 606208K, 0% used [0x000000066ab00000,0x000000066ab00000,0x000000068fb00000)
  from space 16896K, 81% used [0x0000000690d80000,0x0000000691b029b0,0x0000000691e00000)
  to   space 18944K, 0% used [0x000000068fb00000,0x000000068fb00000,0x0000000690d80000)
 ParOldGen       total 96256K, used 31615K [0x00000003c0000000, 0x00000003c5e00000, 0x000000066ab00000)
  object space 96256K, 32% used [0x00000003c0000000,0x00000003c1edfe80,0x00000003c5e00000)
 Metaspace       used 90671K, capacity 98264K, committed 98348K, reserved 1134592K
  class space    used 11957K, capacity 12716K, committed 12800K, reserved 1048576K
}
Event: 483.061 GC heap before
{Heap before GC invocations=40 (full 4):
 PSYoungGen      total 623104K, used 13834K [0x000000066ab00000, 0x0000000692780000, 0x00000007c0000000)
  eden space 606208K, 0% used [0x000000066ab00000,0x000000066ab00000,0x000000068fb00000)
  from space 16896K, 81% used [0x0000000690d80000,0x0000000691b029b0,0x0000000691e00000)
  to   space 18944K, 0% used [0x000000068fb00000,0x000000068fb00000,0x0000000690d80000)
 ParOldGen       total 96256K, used 31615K [0x00000003c0000000, 0x00000003c5e00000, 0x000000066ab00000)
  object space 96256K, 32% used [0x00000003c0000000,0x00000003c1edfe80,0x00000003c5e00000)
 Metaspace       used 90671K, capacity 98264K, committed 98348K, reserved 1134592K
  class space    used 11957K, capacity 12716K, committed 12800K, reserved 1048576K
Event: 483.466 GC heap after
Heap after GC invocations=40 (full 4):
 PSYoungGen      total 623104K, used 0K [0x000000066ab00000, 0x0000000692780000, 0x00000007c0000000)
  eden space 606208K, 0% used [0x000000066ab00000,0x000000066ab00000,0x000000068fb00000)
  from space 16896K, 0% used [0x0000000690d80000,0x0000000690d80000,0x0000000691e00000)
  to   space 18944K, 0% used [0x000000068fb00000,0x000000068fb00000,0x0000000690d80000)
 ParOldGen       total 117760K, used 33984K [0x00000003c0000000, 0x00000003c7300000, 0x000000066ab00000)
  object space 117760K, 28% used [0x00000003c0000000,0x00000003c21302d8,0x00000003c7300000)
 Metaspace       used 90671K, capacity 98264K, committed 98348K, reserved 1134592K
  class space    used 11957K, capacity 12716K, committed 12800K, reserved 1048576K
}
Event: 503.971 GC heap before
{Heap before GC invocations=41 (full 4):
 PSYoungGen      total 623104K, used 606208K [0x000000066ab00000, 0x0000000692780000, 0x00000007c0000000)
  eden space 606208K, 100% used [0x000000066ab00000,0x000000068fb00000,0x000000068fb00000)
  from space 16896K, 0% used [0x0000000690d80000,0x0000000690d80000,0x0000000691e00000)
  to   space 18944K, 0% used [0x000000068fb00000,0x000000068fb00000,0x0000000690d80000)
 ParOldGen       total 117760K, used 33984K [0x00000003c0000000, 0x00000003c7300000, 0x000000066ab00000)
  object space 117760K, 28% used [0x00000003c0000000,0x00000003c21302d8,0x00000003c7300000)
 Metaspace       used 92098K, capacity 100282K, committed 100352K, reserved 1136640K
  class space    used 12221K, capacity 13030K, committed 13056K, reserved 1048576K
Event: 504.178 GC heap after
Heap after GC invocations=41 (full 4):
 PSYoungGen      total 625152K, used 8700K [0x000000066ab00000, 0x0000000697200000, 0x00000007c0000000)
  eden space 606208K, 0% used [0x000000066ab00000,0x000000066ab00000,0x000000068fb00000)
  from space 18944K, 45% used [0x000000068fb00000,0x000000069037f280,0x0000000690d80000)
  to   space 18432K, 0% used [0x0000000696000000,0x0000000696000000,0x0000000697200000)
 ParOldGen       total 117760K, used 33992K [0x00000003c0000000, 0x00000003c7300000, 0x000000066ab00000)
  object space 117760K, 28% used [0x00000003c0000000,0x00000003c21322d8,0x00000003c7300000)
 Metaspace       used 92098K, capacity 100282K, committed 100352K, reserved 1136640K
  class space    used 12221K, capacity 13030K, committed 13056K, reserved 1048576K
}
Event: 507.147 GC heap before
{Heap before GC invocations=42 (full 4):
 PSYoungGen      total 625152K, used 614908K [0x000000066ab00000, 0x0000000697200000, 0x00000007c0000000)
  eden space 606208K, 100% used [0x000000066ab00000,0x000000068fb00000,0x000000068fb00000)
  from space 18944K, 45% used [0x000000068fb00000,0x000000069037f280,0x0000000690d80000)
  to   space 18432K, 0% used [0x0000000696000000,0x0000000696000000,0x0000000697200000)
 ParOldGen       total 117760K, used 33992K [0x00000003c0000000, 0x00000003c7300000, 0x000000066ab00000)
  object space 117760K, 28% used [0x00000003c0000000,0x00000003c21322d8,0x00000003c7300000)
 Metaspace       used 93085K, capacity 101284K, committed 101504K, reserved 1138688K
  class space    used 12289K, capacity 13101K, committed 13184K, reserved 1048576K
Event: 507.150 GC heap after
Heap after GC invocations=42 (full 4):
 PSYoungGen      total 690176K, used 2685K [0x000000066ab00000, 0x0000000696800000, 0x00000007c0000000)
  eden space 681984K, 0% used [0x000000066ab00000,0x000000066ab00000,0x0000000694500000)
  from space 8192K, 32% used [0x0000000696000000,0x000000069629f620,0x0000000696800000)
  to   space 17920K, 0% used [0x0000000694500000,0x0000000694500000,0x0000000695680000)
 ParOldGen       total 117760K, used 34000K [0x00000003c0000000, 0x00000003c7300000, 0x000000066ab00000)
  object space 117760K, 28% used [0x00000003c0000000,0x00000003c21342d8,0x00000003c7300000)
 Metaspace       used 93085K, capacity 101284K, committed 101504K, reserved 1138688K
  class space    used 12289K, capacity 13101K, committed 13184K, reserved 1048576K
}

