# JRE version: Java(TM) SE Runtime Environment (8.0_361) (build 1.8.0_361-b09)
# Java VM: Java HotSpot(TM) 64-Bit Server VM (25.361-b09 mixed mode bsd-amd64 compressed oops)
Heap:
 PSYoungGen      total 842752K, used 746171K [0x000000066ab00000, 0x000000069f480000, 0x00000007c0000000)
  eden space 823808K, 89% used [0x000000066ab00000,0x0000000697a0ed80,0x000000069cf80000)
  from space 18944K, 52% used [0x000000069e180000,0x000000069eb20030,0x000000069f400000)
  to   space 18432K, 0% used [0x000000069cf80000,0x000000069cf80000,0x000000069e180000)
 ParOldGen       total 120320K, used 27677K [0x00000003c0000000, 0x00000003c7580000, 0x000000066ab00000)
  object space 120320K, 23% used [0x00000003c0000000,0x00000003c1b07738,0x00000003c7580000)
 Metaspace       used 93273K, capacity 101386K, committed 101528K, reserved 1138688K
  class space    used 12364K, capacity 13141K, committed 13232K, reserved 1048576K
GC Heap History (10 events):
Event: 17.103 GC heap before
{Heap before GC invocations=16 (full 3):
 PSYoungGen      total 508416K, used 508404K [0x000000066ab00000, 0x000000068ce00000, 0x00000007c0000000)
  eden space 493056K, 100% used [0x000000066ab00000,0x0000000688c80000,0x0000000688c80000)
  from space 15360K, 99% used [0x000000068a100000,0x000000068affd288,0x000000068b000000)
  to   space 20992K, 0% used [0x0000000688c80000,0x0000000688c80000,0x000000068a100000)
 ParOldGen       total 93184K, used 32832K [0x00000003c0000000, 0x00000003c5b00000, 0x000000066ab00000)
  object space 93184K, 35% used [0x00000003c0000000,0x00000003c20100f0,0x00000003c5b00000)
 Metaspace       used 77323K, capacity 81778K, committed 82072K, reserved 1120256K
  class space    used 9923K, capacity 10350K, committed 10416K, reserved 1048576K
Event: 17.139 GC heap after
Heap after GC invocations=16 (full 3):
 PSYoungGen      total 514048K, used 10768K [0x000000066ab00000, 0x0000000695880000, 0x00000007c0000000)
  eden space 493056K, 0% used [0x000000066ab00000,0x000000066ab00000,0x0000000688c80000)
  from space 20992K, 51% used [0x0000000688c80000,0x0000000689704050,0x000000068a100000)
  to   space 19968K, 0% used [0x0000000694500000,0x0000000694500000,0x0000000695880000)
 ParOldGen       total 93184K, used 39246K [0x00000003c0000000, 0x00000003c5b00000, 0x000000066ab00000)
  object space 93184K, 42% used [0x00000003c0000000,0x00000003c26538a0,0x00000003c5b00000)
 Metaspace       used 77323K, capacity 81778K, committed 82072K, reserved 1120256K
  class space    used 9923K, capacity 10350K, committed 10416K, reserved 1048576K
}
Event: 20.259 GC heap before
{Heap before GC invocations=17 (full 3):
 PSYoungGen      total 514048K, used 503824K [0x000000066ab00000, 0x0000000695880000, 0x00000007c0000000)
  eden space 493056K, 100% used [0x000000066ab00000,0x0000000688c80000,0x0000000688c80000)
  from space 20992K, 51% used [0x0000000688c80000,0x0000000689704050,0x000000068a100000)
  to   space 19968K, 0% used [0x0000000694500000,0x0000000694500000,0x0000000695880000)
 ParOldGen       total 93184K, used 39246K [0x00000003c0000000, 0x00000003c5b00000, 0x000000066ab00000)
  object space 93184K, 42% used [0x00000003c0000000,0x00000003c26538a0,0x00000003c5b00000)
 Metaspace       used 87606K, capacity 93632K, committed 93720K, reserved 1130496K
  class space    used 11537K, capacity 12080K, committed 12080K, reserved 1048576K
Event: 20.271 GC heap after
Heap after GC invocations=17 (full 3):
 PSYoungGen      total 656896K, used 9758K [0x000000066ab00000, 0x0000000694f00000, 0x00000007c0000000)
  eden space 646656K, 0% used [0x000000066ab00000,0x000000066ab00000,0x0000000692280000)
  from space 10240K, 95% used [0x0000000694500000,0x0000000694e878a8,0x0000000694f00000)
  to   space 18944K, 0% used [0x0000000692a00000,0x0000000692a00000,0x0000000693c80000)
 ParOldGen       total 93184K, used 39486K [0x00000003c0000000, 0x00000003c5b00000, 0x000000066ab00000)
  object space 93184K, 42% used [0x00000003c0000000,0x00000003c268f898,0x00000003c5b00000)
 Metaspace       used 87606K, capacity 93632K, committed 93720K, reserved 1130496K
  class space    used 11537K, capacity 12080K, committed 12080K, reserved 1048576K
}
Event: 24.467 GC heap before
{Heap before GC invocations=18 (full 3):
 PSYoungGen      total 656896K, used 323107K [0x000000066ab00000, 0x0000000694f00000, 0x00000007c0000000)
  eden space 646656K, 48% used [0x000000066ab00000,0x000000067dd014b8,0x0000000692280000)
  from space 10240K, 95% used [0x0000000694500000,0x0000000694e878a8,0x0000000694f00000)
  to   space 18944K, 0% used [0x0000000692a00000,0x0000000692a00000,0x0000000693c80000)
 ParOldGen       total 93184K, used 39486K [0x00000003c0000000, 0x00000003c5b00000, 0x000000066ab00000)
  object space 93184K, 42% used [0x00000003c0000000,0x00000003c268f898,0x00000003c5b00000)
 Metaspace       used 90771K, capacity 98560K, committed 98584K, reserved 1134592K
  class space    used 12066K, capacity 12840K, committed 12848K, reserved 1048576K
Event: 24.474 GC heap after
Heap after GC invocations=18 (full 3):
 PSYoungGen      total 673280K, used 4416K [0x000000066ab00000, 0x000000069f400000, 0x00000007c0000000)
  eden space 654336K, 0% used [0x000000066ab00000,0x000000066ab00000,0x0000000692a00000)
  from space 18944K, 23% used [0x0000000692a00000,0x0000000692e50248,0x0000000693c80000)
  to   space 18944K, 0% used [0x000000069e180000,0x000000069e180000,0x000000069f400000)
 ParOldGen       total 93184K, used 42191K [0x00000003c0000000, 0x00000003c5b00000, 0x000000066ab00000)
  object space 93184K, 45% used [0x00000003c0000000,0x00000003c2933ce0,0x00000003c5b00000)
 Metaspace       used 90771K, capacity 98560K, committed 98584K, reserved 1134592K
  class space    used 12066K, capacity 12840K, committed 12848K, reserved 1048576K
}
Event: 24.474 GC heap before
{Heap before GC invocations=19 (full 4):
 PSYoungGen      total 673280K, used 4416K [0x000000066ab00000, 0x000000069f400000, 0x00000007c0000000)
  eden space 654336K, 0% used [0x000000066ab00000,0x000000066ab00000,0x0000000692a00000)
  from space 18944K, 23% used [0x0000000692a00000,0x0000000692e50248,0x0000000693c80000)
  to   space 18944K, 0% used [0x000000069e180000,0x000000069e180000,0x000000069f400000)
 ParOldGen       total 93184K, used 42191K [0x00000003c0000000, 0x00000003c5b00000, 0x000000066ab00000)
  object space 93184K, 45% used [0x00000003c0000000,0x00000003c2933ce0,0x00000003c5b00000)
 Metaspace       used 90771K, capacity 98560K, committed 98584K, reserved 1134592K
  class space    used 12066K, capacity 12840K, committed 12848K, reserved 1048576K
Event: 24.558 GC heap after
Heap after GC invocations=19 (full 4):
 PSYoungGen      total 673280K, used 0K [0x000000066ab00000, 0x000000069f400000, 0x00000007c0000000)
  eden space 654336K, 0% used [0x000000066ab00000,0x000000066ab00000,0x0000000692a00000)
  from space 18944K, 0% used [0x0000000692a00000,0x0000000692a00000,0x0000000693c80000)
  to   space 18944K, 0% used [0x000000069e180000,0x000000069e180000,0x000000069f400000)
 ParOldGen       total 120320K, used 27677K [0x00000003c0000000, 0x00000003c7580000, 0x000000066ab00000)
  object space 120320K, 23% used [0x00000003c0000000,0x00000003c1b07738,0x00000003c7580000)
 Metaspace       used 90768K, capacity 98554K, committed 98584K, reserved 1134592K
  class space    used 12065K, capacity 12839K, committed 12848K, reserved 1048576K
}
Event: 36.560 GC heap before
{Heap before GC invocations=20 (full 4):
 PSYoungGen      total 673280K, used 654336K [0x000000066ab00000, 0x000000069f400000, 0x00000007c0000000)
  eden space 654336K, 100% used [0x000000066ab00000,0x0000000692a00000,0x0000000692a00000)
  from space 18944K, 0% used [0x0000000692a00000,0x0000000692a00000,0x0000000693c80000)
  to   space 18944K, 0% used [0x000000069e180000,0x000000069e180000,0x000000069f400000)
 ParOldGen       total 120320K, used 27677K [0x00000003c0000000, 0x00000003c7580000, 0x000000066ab00000)
  object space 120320K, 23% used [0x00000003c0000000,0x00000003c1b07738,0x00000003c7580000)
 Metaspace       used 92202K, capacity 100358K, committed 100376K, reserved 1136640K
  class space    used 12295K, capacity 13103K, committed 13104K, reserved 1048576K
Event: 36.589 GC heap after
Heap after GC invocations=20 (full 4):
 PSYoungGen      total 842752K, used 9856K [0x000000066ab00000, 0x000000069f480000, 0x00000007c0000000)
  eden space 823808K, 0% used [0x000000066ab00000,0x000000066ab00000,0x000000069cf80000)
  from space 18944K, 52% used [0x000000069e180000,0x000000069eb20030,0x000000069f400000)
  to   space 18432K, 0% used [0x000000069cf80000,0x000000069cf80000,0x000000069e180000)
 ParOldGen       total 120320K, used 27677K [0x00000003c0000000, 0x00000003c7580000, 0x000000066ab00000)
  object space 120320K, 23% used [0x00000003c0000000,0x00000003c1b07738,0x00000003c7580000)
 Metaspace       used 92202K, capacity 100358K, committed 100376K, reserved 1136640K
  class space    used 12295K, capacity 13103K, committed 13104K, reserved 1048576K
}

